<?xml version="1.0" encoding="UTF-8"?>
<!-- Generated by org.testng.reporters.JUnitXMLReporter -->
<testsuite hostname="Parthibans-MacBook-Air.local" name="Jira" tests="5" failures="0" timestamp="13 Jun 2018 21:41:05 GMT" time="5.062" errors="0">
  <testcase name="addComment" time="3.655" classname="Jira.addComment"/>
  <testcase name="updateComment" time="0.607" classname="Jira.updateComment"/>
  <testcase name="createBug" time="0.2" classname="Jira.createIssue"/>
  <testcase name="createTask" time="0.204" classname="Jira.createIssue"/>
  <testcase name="deleteIssue" time="0.355" classname="Jira.deleteIssue"/>
</testsuite> <!-- Jira -->
