<?xml version="1.0" encoding="UTF-8"?>
<testsuite xmlns:xsi="http://www.w3.org/2001/XMLSchema-instance" xsi:noNamespaceSchemaLocation="https://maven.apache.org/surefire/maven-surefire-plugin/xsd/surefire-test-report.xsd" name="TestSuite" time="5.566" tests="5" errors="0" skipped="0" failures="0">
  <properties>
[...]
</properties>
  <testcase name="addComment" classname="Jira.addComment" time="3.656"/>
  <testcase name="updateComment" classname="Jira.updateComment" time="0.606"/>
  <testcase name="createBug" classname="Jira.createIssue" time="0.2"/>
  <testcase name="createTask" classname="Jira.createIssue" time="0.204"/>
  <testcase name="deleteIssue" classname="Jira.deleteIssue" time="0.358"/>
</testsuite>